core/build/intermediates/manifest_merge_blame_file/debug/manifest-merger-blame-debug-report.txt
1<?xml version="1.0" encoding="utf-8"?>
2<manifest xmlns:android="http://schemas.android.com/apk/res/android"
3    package="es.incidence.core" >
4
5    <uses-sdk android:minSdkVersion="23" />
5-->src/main/AndroidManifest.xml
6
7    <queries>
7-->src/main/AndroidManifest.xml:3:5-11:15
8        <package android:name="com.google.android.googlequicksearchbox" />
8-->src/main/AndroidManifest.xml:4:9-74
8-->src/main/AndroidManifest.xml:4:18-72
9
10        <intent>
10-->src/main/AndroidManifest.xml:5:9-7:18
11            <action android:name="com.google.android.youtube.api.service.START" />
11-->src/main/AndroidManifest.xml:6:13-83
11-->src/main/AndroidManifest.xml:6:21-80
12        </intent>
13        <intent>
13-->src/main/AndroidManifest.xml:8:9-10:18
14            <action android:name="android.speech.RecognitionService" />
14-->src/main/AndroidManifest.xml:9:13-72
14-->src/main/AndroidManifest.xml:9:21-69
15        </intent>
16    </queries>
17
18    <uses-permission android:name="android.permission.RECORD_AUDIO" />
18-->src/main/AndroidManifest.xml:12:5-71
18-->src/main/AndroidManifest.xml:12:22-68
19    <uses-permission android:name="android.permission.MODIFY_AUDIO_SETTINGS" />
19-->src/main/AndroidManifest.xml:13:5-80
19-->src/main/AndroidManifest.xml:13:22-77
20
21    <queries>
21-->src/main/AndroidManifest.xml:3:5-11:15
22        <intent>
22-->src/main/AndroidManifest.xml:5:9-7:18
23            <action android:name="com.google.android.youtube.api.service.START" />
23-->src/main/AndroidManifest.xml:6:13-83
23-->src/main/AndroidManifest.xml:6:21-80
24        </intent>
25        <intent>
25-->src/main/AndroidManifest.xml:8:9-10:18
26            <action android:name="android.speech.RecognitionService" />
26-->src/main/AndroidManifest.xml:9:13-72
26-->src/main/AndroidManifest.xml:9:21-69
27        </intent>
28    </queries>
29
30    <uses-permission android:name="android.permission.CALL_PHONE" />
30-->src/main/AndroidManifest.xml:24:5-69
30-->src/main/AndroidManifest.xml:24:22-66
31    <uses-permission android:name="android.permission.READ_PHONE_STATE" />
31-->src/main/AndroidManifest.xml:25:5-75
31-->src/main/AndroidManifest.xml:25:22-72
32    <uses-permission android:name="android.permission.VIBRATE" />
32-->src/main/AndroidManifest.xml:26:5-66
32-->src/main/AndroidManifest.xml:26:22-63
33    <uses-permission android:name="android.permission.INTERNET" />
33-->src/main/AndroidManifest.xml:27:5-67
33-->src/main/AndroidManifest.xml:27:22-64
34    <uses-permission android:name="android.permission.ACCESS_NETWORK_STATE" />
34-->src/main/AndroidManifest.xml:28:5-79
34-->src/main/AndroidManifest.xml:28:22-76
35    <uses-permission android:name="android.permission.ACCESS_FINE_LOCATION" />
35-->src/main/AndroidManifest.xml:29:5-78
35-->src/main/AndroidManifest.xml:29:22-76
36    <uses-permission android:name="android.permission.ACCESS_COARSE_LOCATION" />
36-->src/main/AndroidManifest.xml:30:5-81
36-->src/main/AndroidManifest.xml:30:22-78
37    <uses-permission android:name="android.permission.ACCESS_BACKGROUND_LOCATION" />
37-->src/main/AndroidManifest.xml:31:5-85
37-->src/main/AndroidManifest.xml:31:22-82
38    <uses-permission android:name="android.permission.FOREGROUND_SERVICE" />
38-->src/main/AndroidManifest.xml:32:5-77
38-->src/main/AndroidManifest.xml:32:22-74
39    <uses-permission android:name="android.permission.RECEIVE_BOOT_COMPLETED" />
39-->src/main/AndroidManifest.xml:33:5-81
39-->src/main/AndroidManifest.xml:33:22-78
40    <uses-permission android:name="android.permission.REQUEST_IGNORE_BATTERY_OPTIMIZATIONS" />
40-->src/main/AndroidManifest.xml:34:5-95
40-->src/main/AndroidManifest.xml:34:22-92
41    <uses-permission android:name="android.permission.BLUETOOTH" />
41-->src/main/AndroidManifest.xml:36:5-68
41-->src/main/AndroidManifest.xml:36:22-65
42    <uses-permission android:name="android.permission.BLUETOOTH_ADMIN" />
42-->src/main/AndroidManifest.xml:37:5-74
42-->src/main/AndroidManifest.xml:37:22-71
43    <uses-permission android:name="android.permission.BLUETOOTH_SCAN" />
43-->src/main/AndroidManifest.xml:38:5-73
43-->src/main/AndroidManifest.xml:38:22-70
44    <uses-permission android:name="android.permission.BLUETOOTH_ADVERTISE" />
44-->src/main/AndroidManifest.xml:39:5-77
44-->src/main/AndroidManifest.xml:39:22-75
45    <uses-permission android:name="android.permission.BLUETOOTH_CONNECT" />
45-->src/main/AndroidManifest.xml:40:5-76
45-->src/main/AndroidManifest.xml:40:22-73
46
47    <uses-feature
47-->src/main/AndroidManifest.xml:41:5-86
48        android:name="android.hardware.bluetooth"
48-->src/main/AndroidManifest.xml:41:19-60
49        android:required="true" />
49-->src/main/AndroidManifest.xml:41:61-84
50    <uses-feature
50-->src/main/AndroidManifest.xml:42:5-89
51        android:name="android.hardware.bluetooth_le"
51-->src/main/AndroidManifest.xml:42:19-63
52        android:required="true" />
52-->src/main/AndroidManifest.xml:42:64-87
53
54    <!-- <uses-permission android:name="androidx.car.app.MAP_TEMPLATES"/> -->
55    <uses-permission android:name="android.permission.CAMERA" />
55-->src/main/AndroidManifest.xml:45:5-64
55-->src/main/AndroidManifest.xml:45:22-62
56
57    <uses-feature
57-->src/main/AndroidManifest.xml:47:5-49:35
58        android:name="android.hardware.camera"
58-->src/main/AndroidManifest.xml:48:9-47
59        android:required="false" />
59-->src/main/AndroidManifest.xml:49:9-33
60
61    <application
61-->src/main/AndroidManifest.xml:51:5-156:19
62        android:hardwareAccelerated="true"
62-->src/main/AndroidManifest.xml:54:9-43
63        android:icon="@mipmap/ic_launcher"
63-->src/main/AndroidManifest.xml:52:9-43
64        android:supportsRtl="true"
64-->src/main/AndroidManifest.xml:53:9-35
65        android:usesCleartextTraffic="true" >
65-->src/main/AndroidManifest.xml:55:9-44
66        <meta-data
66-->src/main/AndroidManifest.xml:57:9-141
67            android:name="io.sentry.dsn"
67-->src/main/AndroidManifest.xml:57:20-48
68            android:value="https://330a52ed0f9a4530a24dc585f305d9fd@o617119.ingest.sentry.io/5750689" />
68-->src/main/AndroidManifest.xml:57:49-138
69        <meta-data
69-->src/main/AndroidManifest.xml:59:9-61:60
70            android:name="com.google.firebase.messaging.default_notification_icon"
70-->src/main/AndroidManifest.xml:60:13-83
71            android:resource="@drawable/ic_notification" />
71-->src/main/AndroidManifest.xml:61:13-57
72        <meta-data
72-->src/main/AndroidManifest.xml:62:9-64:53
73            android:name="com.google.firebase.messaging.default_notification_color"
73-->src/main/AndroidManifest.xml:63:13-84
74            android:resource="@color/colorAccent" />
74-->src/main/AndroidManifest.xml:64:13-50
75        <meta-data
75-->src/main/AndroidManifest.xml:65:9-67:70
76            android:name="com.google.firebase.messaging.default_notification_channel_id"
76-->src/main/AndroidManifest.xml:66:13-89
77            android:value="@string/default_notification_channel_id" />
77-->src/main/AndroidManifest.xml:67:13-68
78
79        <activity
79-->src/main/AndroidManifest.xml:69:9-79:20
80            android:name="es.incidence.core.activity.ISplashActivity"
80-->src/main/AndroidManifest.xml:69:19-59
81            android:configChanges="orientation|screenSize"
81-->src/main/AndroidManifest.xml:73:13-59
82            android:exported="true"
82-->src/main/AndroidManifest.xml:74:13-36
83            android:screenOrientation="portrait"
83-->src/main/AndroidManifest.xml:72:13-49
84            android:theme="@style/SplashTheme"
84-->src/main/AndroidManifest.xml:70:13-47
85            android:windowSoftInputMode="stateHidden|adjustPan" >
85-->src/main/AndroidManifest.xml:71:13-64
86            <intent-filter>
86-->src/main/AndroidManifest.xml:75:13-78:29
87                <action android:name="android.intent.action.MAIN" />
87-->src/main/AndroidManifest.xml:76:17-69
87-->src/main/AndroidManifest.xml:76:25-66
88
89                <category android:name="android.intent.category.LAUNCHER" />
89-->src/main/AndroidManifest.xml:77:17-77
89-->src/main/AndroidManifest.xml:77:27-74
90            </intent-filter>
91        </activity>
92        <activity
92-->src/main/AndroidManifest.xml:80:9-86:20
93            android:name="es.incidence.core.activity.MainActivity"
93-->src/main/AndroidManifest.xml:80:19-56
94            android:configChanges="keyboardHidden|orientation|screenSize|screenLayout"
94-->src/main/AndroidManifest.xml:83:13-87
95            android:exported="false"
95-->src/main/AndroidManifest.xml:85:13-37
96            android:screenOrientation="portrait"
96-->src/main/AndroidManifest.xml:84:13-49
97            android:theme="@style/AppTheme"
97-->src/main/AndroidManifest.xml:81:13-44
98            android:windowSoftInputMode="stateHidden|adjustPan" >
98-->src/main/AndroidManifest.xml:82:13-64
99        </activity>
100        <activity
100-->src/main/AndroidManifest.xml:88:9-91:47
101            android:name="es.incidence.core.activity.SimpleYoutubeActivity"
101-->src/main/AndroidManifest.xml:89:13-59
102            android:exported="false"
102-->src/main/AndroidManifest.xml:90:13-37
103            android:theme="@style/AppTheme" />
103-->src/main/AndroidManifest.xml:91:13-44
104        <activity
104-->src/main/AndroidManifest.xml:93:9-96:47
105            android:name="es.incidence.core.activity.FullscreenYoutubeActivity"
105-->src/main/AndroidManifest.xml:94:13-63
106            android:exported="false"
106-->src/main/AndroidManifest.xml:95:13-37
107            android:theme="@style/AppTheme" />
107-->src/main/AndroidManifest.xml:96:13-44
108
109        <service
109-->src/main/AndroidManifest.xml:98:9-101:47
110            android:name="es.incidence.core.manager.beacon.BeaconService"
110-->src/main/AndroidManifest.xml:99:13-74
111            android:enabled="true"
111-->src/main/AndroidManifest.xml:100:13-35
112            android:exported="true"
112-->src/main/AndroidManifest.xml:101:13-36
113            android:foregroundServiceType="location" />
113-->src/main/AndroidManifest.xml:99:75-115
114
115        <receiver
115-->src/main/AndroidManifest.xml:103:9-122:20
116            android:name="es.incidence.core.manager.beacon.RestartReceiver"
116-->src/main/AndroidManifest.xml:103:19-82
117            android:enabled="true"
117-->src/main/AndroidManifest.xml:104:13-35
118            android:exported="true" >
118-->src/main/AndroidManifest.xml:105:13-36
119            <intent-filter>
119-->src/main/AndroidManifest.xml:106:13-109:29
120                <action android:name="android.intent.action.PACKAGE_REPLACED" />
120-->src/main/AndroidManifest.xml:107:17-81
120-->src/main/AndroidManifest.xml:107:25-78
121
122                <data android:scheme="es.incidence.core" />
122-->src/main/AndroidManifest.xml:108:17-59
122-->src/main/AndroidManifest.xml:108:23-57
123            </intent-filter>
124            <intent-filter>
124-->src/main/AndroidManifest.xml:110:13-112:29
125                <action android:name="android.intent.action.MY_PACKAGE_REPLACED" />
125-->src/main/AndroidManifest.xml:111:17-84
125-->src/main/AndroidManifest.xml:111:25-81
126            </intent-filter>
127            <intent-filter>
127-->src/main/AndroidManifest.xml:113:13-115:29
128                <action android:name="android.bluetooth.adapter.action.STATE_CHANGED" />
128-->src/main/AndroidManifest.xml:114:17-89
128-->src/main/AndroidManifest.xml:114:25-86
129            </intent-filter>
130            <intent-filter>
130-->src/main/AndroidManifest.xml:116:13-118:29
131                <action android:name="android.intent.action.BOOT_COMPLETED" />
131-->src/main/AndroidManifest.xml:117:17-79
131-->src/main/AndroidManifest.xml:117:25-76
132            </intent-filter>
133            <intent-filter>
133-->src/main/AndroidManifest.xml:119:13-121:29
134                <action android:name="incidence.BOOT_SERVICE" />
134-->src/main/AndroidManifest.xml:120:17-65
134-->src/main/AndroidManifest.xml:120:25-62
135            </intent-filter>
136        </receiver>
137        <receiver
137-->src/main/AndroidManifest.xml:124:9-127:20
138            android:name="es.incidence.core.manager.auto.AutoReceiver"
138-->src/main/AndroidManifest.xml:124:19-77
139            android:enabled="true"
139-->src/main/AndroidManifest.xml:125:13-35
140            android:exported="true" >
140-->src/main/AndroidManifest.xml:126:13-36
141        </receiver>
142
143        <!--
144                <service
145                    android:name="es.incidence.core.manager.auto.CarService"
146                    android:exported="true"
147                    android:label="@string/nombre_app"
148                    android:icon="@mipmap/ic_launcher">
149                    <intent-filter>
150                        <action android:name="androidx.car.app.CarAppService"/>
151                        <category android:name="androidx.car.app.category.PARKING"/>
152                        < ! - - <category android:name="androidx.car.app.category.POI"/> - - >
153            </intent-filter>
154        </service>
155
156
157        <meta-data
158            android:name="com.google.android.gms.car.application"
159            android:resource="@xml/automotive_app_desc"/>
160        -->
161
162        <service
162-->src/main/AndroidManifest.xml:148:9-154:19
163            android:name="com.e510.firebase.MyFirebaseMessagingService"
163-->src/main/AndroidManifest.xml:149:13-72
164            android:exported="false" >
164-->src/main/AndroidManifest.xml:150:13-37
165            <intent-filter>
165-->src/main/AndroidManifest.xml:151:13-153:29
166                <action android:name="com.google.firebase.MESSAGING_EVENT" />
166-->src/main/AndroidManifest.xml:152:17-78
166-->src/main/AndroidManifest.xml:152:25-75
167            </intent-filter>
168        </service>
169    </application>
170
171</manifest>